<?xml version="1.0" encoding="UTF-8"?>
<!-- Generated by org.testng.reporters.JUnitReportReporter -->
<testsuite hostname="Arun-PC" name="sourcemethods.demo1" tests="1" failures="0" timestamp="21 Dec 2018 15:30:35 GMT" time="18.660" errors="0">
  <testcase name="browserlaunch" time="18.660" classname="sourcemethods.demo1"/>
</testsuite> <!-- sourcemethods.demo1 -->
