<?xml version="1.0" encoding="UTF-8"?>
<!-- Generated by org.testng.reporters.JUnitReportReporter -->
<testsuite hostname="Arun-PC" name="test.testngdemo1" tests="1" failures="0" timestamp="22 Oct 2018 03:04:14 GMT" time="16.339" errors="0">
  <testcase name="browserlaunch" time="16.339" classname="test.testngdemo1"/>
</testsuite> <!-- test.testngdemo1 -->
